  icode   ic inum1 inum2 inum3   subed  recmonps reccnstps  flow(m^3)   sed(t)      orgn(kg)    orgp(kg)    nitrate(kg) sol.p(kg)   sol.pst(mg) sor.pst(mg)
       1        1        1        0        0        0                         0.2015E+13  0.5094E+10  0.5568E+10  0.1520E+10  0.1691E+08  0.3370E+07  0.0000E+00  0.0000E+00
       1        2        2        0        0        0                         0.1565E+13  0.1202E+10  0.1272E+11  0.4787E+10  0.1018E+09  0.7122E+07  0.0000E+00  0.0000E+00
       1        3        3        0        0        0                         0.4494E+13  0.1624E+11  0.3587E+11  0.8157E+10  0.1548E+09  0.5841E+07  0.0000E+00  0.0000E+00
       1        4        4        0        0        0                         0.1826E+13  0.3529E+09  0.2163E+10  0.8384E+09  0.1740E+08  0.2559E+07  0.0000E+00  0.0000E+00
       1        5        5        0        0        0                         0.1611E+13  0.2643E+09  0.2809E+10  0.1151E+10  0.5178E+08  0.5669E+07  0.0000E+00  0.0000E+00
       1        6        6        0        0        0                         0.2179E+14  0.3478E+09  0.2658E+11  0.1633E+11  0.2281E+09  0.3223E+09  0.0000E+00  0.0000E+00
       1        7        7        0        0        0                         0.6670E+16  0.4108E+09  0.5221E+11  0.3289E+11  0.6826E+09  0.1532E+10  0.0000E+00  0.0000E+00
       1        8        8        0        0        0                         0.5506E+15  0.8184E+08  0.1208E+11  0.5638E+10  0.2560E+09  0.4264E+09  0.0000E+00  0.0000E+00
       1        9        9        0        0        0                         0.5323E+16  0.2565E+09  0.6105E+11  0.2830E+11  0.1317E+10  0.1615E+10  0.0000E+00  0.0000E+00
       1       10       10        0        0        0                         0.2780E+15  0.4517E+09  0.5425E+11  0.2661E+11  0.7360E+09  0.1668E+10  0.0000E+00  0.0000E+00
       1       11       11        0        0        0                         0.7389E+16  0.2236E+09  0.4963E+11  0.2324E+11  0.1453E+10  0.5461E+09  0.0000E+00  0.0000E+00
       1       12       12        0        0        0                         0.1068E+17  0.6214E+09  0.1018E+12  0.4138E+11  0.3214E+10  0.8280E+09  0.0000E+00  0.0000E+00
       1       13       13        0        0        0                         0.5306E+16  0.1701E+09  0.4844E+11  0.2355E+11  0.1307E+10  0.1203E+10  0.0000E+00  0.0000E+00
       1       14       14        0        0        0                         0.3854E+16  0.9143E+08  0.3176E+11  0.1456E+11  0.8682E+09  0.3391E+09  0.0000E+00  0.0000E+00
       1       15       15        0        0        0                         0.3506E+14  0.5110E+05  0.7514E+08  0.1990E+08  0.9746E+07  0.5388E+07  0.0000E+00  0.0000E+00
       1       16       16        0        0        0                         0.2875E+17  0.6439E+09  0.2325E+12  0.1097E+12  0.5459E+10  0.2527E+10  0.0000E+00  0.0000E+00
       1       17       17        0        0        0                         0.4304E+16  0.1628E+09  0.5750E+11  0.2746E+11  0.1522E+10  0.8513E+09  0.0000E+00  0.0000E+00
       1       18       18        0        0        0                         0.9702E+15  0.2149E+08  0.8805E+10  0.4552E+10  0.2114E+09  0.1054E+09  0.0000E+00  0.0000E+00
       1       19       19        0        0        0                         0.1146E+17  0.9982E+09  0.1848E+12  0.7090E+11  0.6047E+10  0.2515E+10  0.0000E+00  0.0000E+00
       1       20       20        0        0        0                         0.2753E+15  0.3688E+09  0.1253E+12  0.6131E+11  0.1925E+10  0.1895E+10  0.0000E+00  0.0000E+00
       1       21       21        0        0        0                         0.1033E+17  0.3369E+09  0.9040E+11  0.4229E+11  0.2786E+10  0.1244E+10  0.0000E+00  0.0000E+00
       1       22       22        0        0        0                         0.7182E+17  0.4715E+10  0.4770E+12  0.2083E+12  0.1559E+11  0.4528E+10  0.0000E+00  0.0000E+00
       1       23       23        0        0        0                         0.1721E+15  0.1161E+09  0.1161E+12  0.5667E+11  0.1391E+10  0.2109E+10  0.0000E+00  0.0000E+00
       1       24       24        0        0        0                         0.4359E+16  0.5439E+08  0.3281E+11  0.1400E+11  0.1357E+10  0.5916E+09  0.0000E+00  0.0000E+00
       1       25       25        0        0        0                         0.5235E+15  0.4101E+07  0.2292E+10  0.9508E+09  0.1833E+09  0.9736E+08  0.0000E+00  0.0000E+00
       1       26       26        0        0        0                         0.5830E+15  0.1781E+09  0.2549E+12  0.8945E+11  0.3974E+10  0.4866E+10  0.0000E+00  0.0000E+00
       1       27       27        0        0        0                         0.4572E+16  0.5637E+08  0.9161E+11  0.3509E+11  0.1795E+10  0.1876E+10  0.0000E+00  0.0000E+00
       1       28       28        0        0        0                         0.3821E+16  0.1420E+09  0.2430E+12  0.8350E+11  0.5530E+10  0.5282E+10  0.0000E+00  0.0000E+00
       1       29       29        0        0        0                         0.5748E+14  0.2739E+07  0.8846E+08  0.3739E+08  0.2040E+08  0.1305E+08  0.0000E+00  0.0000E+00
       1       30       30        0        0        0                         0.9509E+14  0.4222E+05  0.6098E+08  0.1589E+08  0.3504E+08  0.2261E+08  0.0000E+00  0.0000E+00
       1       31       31        0        0        0                         0.1187E+17  0.4111E+09  0.1441E+12  0.6008E+11  0.5195E+10  0.3695E+10  0.0000E+00  0.0000E+00
       1       32       32        0        0        0                         0.4085E+16  0.4311E+07  0.2262E+11  0.1031E+11  0.8349E+09  0.6191E+09  0.0000E+00  0.0000E+00
       1       33       33        0        0        0                         0.2936E+16  0.1662E+07  0.1730E+11  0.6934E+10  0.6571E+09  0.3143E+09  0.0000E+00  0.0000E+00
       1       34       34        0        0        0                         0.8083E+14  0.3636E+04  0.1182E+07  0.2676E+06  0.2230E+08  0.1017E+08  0.0000E+00  0.0000E+00
       1       35       35        0        0        0                         0.7106E+17  0.1615E+09  0.3666E+12  0.1587E+12  0.1259E+11  0.2939E+10  0.0000E+00  0.0000E+00
       1       36       36        0        0        0                         0.3580E+17  0.3548E+09  0.2460E+12  0.1042E+12  0.8328E+10  0.2319E+10  0.0000E+00  0.0000E+00
       1       37       37        0        0        0                         0.5251E+17  0.2061E+09  0.3832E+12  0.1493E+12  0.1482E+11  0.3503E+10  0.0000E+00  0.0000E+00
       1       38       38        0        0        0                         0.7457E+15  0.4263E+06  0.2622E+10  0.1123E+10  0.1885E+09  0.8041E+08  0.0000E+00  0.0000E+00
       1       39       39        0        0        0                         0.2022E+14  0.6425E+03  0.2576E+06  0.5830E+05  0.5517E+07  0.2520E+07  0.0000E+00  0.0000E+00
       1       40       40        0        0        0                         0.3819E+17  0.1767E+08  0.2218E+12  0.7780E+11  0.9869E+10  0.2888E+10  0.0000E+00  0.0000E+00
       1       41       41        0        0        0                         0.7482E+16  0.3852E+08  0.7549E+11  0.2901E+11  0.2056E+10  0.9272E+09  0.0000E+00  0.0000E+00
       1       42       42        0        0        0                         0.5832E+16  0.1218E+08  0.1575E+11  0.8589E+10  0.9915E+09  0.5628E+09  0.0000E+00  0.0000E+00
       1       43       43        0        0        0                         0.1661E+16  0.2495E+09  0.6184E+12  0.2498E+12  0.9923E+10  0.1072E+11  0.0000E+00  0.0000E+00
       1       44       44        0        0        0                         0.1455E+17  0.4210E+08  0.2664E+12  0.9798E+11  0.5625E+10  0.3651E+10  0.0000E+00  0.0000E+00
       1       45       45        0        0        0                         0.4230E+16  0.1438E+08  0.3863E+11  0.1425E+11  0.1496E+10  0.8140E+09  0.0000E+00  0.0000E+00
       1       46       46        0        0        0                         0.1288E+17  0.1366E+08  0.3374E+11  0.1079E+11  0.4182E+10  0.7974E+09  0.0000E+00  0.0000E+00
       1       47       47        0        0        0                         0.6332E+17  0.6414E+08  0.1509E+12  0.4849E+11  0.1443E+11  0.3671E+10  0.0000E+00  0.0000E+00
       2       48        1        1        1        0                         0.2010E+13  0.5059E+10  0.5321E+10  0.1420E+10  0.1687E+08  0.1075E+08  0.0000E+00  0.0000E+00
       2       49        2        2        2        0                         0.1529E+13  0.9990E+09  0.1137E+11  0.4064E+10  0.9879E+08  0.7880E+08  0.0000E+00  0.0000E+00
       2       50       10       10       10        0                         0.2775E+15  0.4477E+09  0.5288E+11  0.2566E+11  0.7306E+09  0.2353E+10  0.0000E+00  0.0000E+00
       2       51       20       20       20        0                         0.2733E+15  0.3578E+09  0.1171E+12  0.5572E+11  0.1876E+10  0.4700E+10  0.0000E+00  0.0000E+00
       2       52       23       23       23        0                         0.1704E+15  0.1141E+09  0.1105E+12  0.5275E+11  0.1360E+10  0.4849E+10  0.0000E+00  0.0000E+00
       2       53       26       26       26        0                         0.5715E+15  0.1498E+09  0.2156E+12  0.6927E+11  0.3859E+10  0.1838E+11  0.0000E+00  0.0000E+00
       2       54       28       28       28        0                         0.3809E+16  0.1292E+09  0.2168E+12  0.7045E+11  0.5412E+10  0.1490E+11  0.0000E+00  0.0000E+00
       2       55       35       35       35        0                         0.7103E+17  0.1574E+09  0.3592E+12  0.1535E+12  0.1257E+11  0.6887E+10  0.0000E+00  0.0000E+00
       2       56       36       36       36        0                         0.3573E+17  0.3480E+09  0.2423E+12  0.1017E+12  0.8307E+10  0.4364E+10  0.0000E+00  0.0000E+00
       2       57       37       37       37        0                         0.5242E+17  0.2006E+09  0.3752E+12  0.1446E+12  0.1479E+11  0.7367E+10  0.0000E+00  0.0000E+00
       2       58       43       43       43        0                         0.1642E+16  0.2170E+09  0.5159E+12  0.1898E+12  0.9775E+10  0.4401E+11  0.0000E+00  0.0000E+00
       2       59       44       44       44        0                         0.1454E+17  0.4171E+08  0.2630E+12  0.9616E+11  0.5613E+10  0.5126E+10  0.0000E+00  0.0000E+00
       5       60       45       58        0        0                         0.5872E+16  0.2313E+09  0.5546E+12  0.2040E+12  0.1127E+11  0.4483E+11  0.0000E+00  0.0000E+00
       5       61       60       59        0        0                         0.2042E+17  0.2730E+09  0.8176E+12  0.3002E+12  0.1688E+11  0.4995E+11  0.0000E+00  0.0000E+00
       2       62       45       61       45        0                         0.2041E+17  0.2728E+09  0.8114E+12  0.2969E+12  0.1685E+11  0.5248E+11  0.0000E+00  0.0000E+00
       5       63       38       56        0        0                         0.3647E+17  0.3485E+09  0.2450E+12  0.1028E+12  0.8496E+10  0.4444E+10  0.0000E+00  0.0000E+00
       5       64       63       57        0        0                         0.8889E+17  0.5490E+09  0.6201E+12  0.2474E+12  0.2329E+11  0.1181E+11  0.0000E+00  0.0000E+00
       2       65       38       64       38        0                         0.8889E+17  0.5487E+09  0.6187E+12  0.2465E+12  0.2329E+11  0.1255E+11  0.0000E+00  0.0000E+00
       3       66        1       65        0        0                         0.8896E+17  0.1493E+12  0.7224E+10  0.3443E+08  0.1392E+09  0.2613E+07  0.0000E+00  0.0000E+00
       5       67       27       53        0        0                         0.5143E+16  0.2062E+09  0.3073E+12  0.1044E+12  0.5654E+10  0.2026E+11  0.0000E+00  0.0000E+00
       5       68       67       54        0        0                         0.8952E+16  0.3354E+09  0.5240E+12  0.1748E+12  0.1107E+11  0.3516E+11  0.0000E+00  0.0000E+00
       2       69       27       68       27        0                         0.8945E+16  0.3334E+09  0.5100E+12  0.1679E+12  0.1103E+11  0.4066E+11  0.0000E+00  0.0000E+00
       5       70       29       69        0        0                         0.9002E+16  0.3362E+09  0.5101E+12  0.1680E+12  0.1105E+11  0.4067E+11  0.0000E+00  0.0000E+00
       2       71       29       70       29        0                         0.9002E+16  0.3362E+09  0.5100E+12  0.1679E+12  0.1105E+11  0.4070E+11  0.0000E+00  0.0000E+00
       5       72        3       48        0        0                         0.6504E+13  0.2130E+11  0.4119E+11  0.9577E+10  0.1717E+09  0.1659E+08  0.0000E+00  0.0000E+00
       5       73       72       49        0        0                         0.8033E+13  0.2229E+11  0.5255E+11  0.1364E+11  0.2705E+09  0.9539E+08  0.0000E+00  0.0000E+00
       2       74        3       73        3        0                         0.8033E+13  0.4017E+10  0.5255E+11  0.1364E+11  0.2705E+09  0.9543E+08  0.0000E+00  0.0000E+00
       5       75        4       74        0        0                         0.9859E+13  0.4370E+10  0.5472E+11  0.1448E+11  0.2879E+09  0.9799E+08  0.0000E+00  0.0000E+00
       2       76        4       75        4        0                         0.9782E+13  0.4332E+10  0.5244E+11  0.1360E+11  0.2870E+09  0.2558E+09  0.0000E+00  0.0000E+00
       3       77        2       76        0        0                         0.9952E+13  0.9621E+08  0.2619E+09  0.2923E+06  0.1762E+07  0.1007E+06  0.0000E+00  0.0000E+00
       5       78        5       77        0        0                         0.1156E+14  0.3605E+09  0.3071E+10  0.1152E+10  0.5354E+08  0.5770E+07  0.0000E+00  0.0000E+00
       2       79        5       78        5        0                         0.1149E+14  0.3551E+09  0.2955E+10  0.1091E+10  0.5313E+08  0.1640E+08  0.0000E+00  0.0000E+00
       3       80        3       79        0        0                         0.1164E+14  0.5097E+08  0.2083E+09  0.8756E+06  0.2496E+07  0.1103E+06  0.0000E+00  0.0000E+00
       5       81        6       80        0        0                         0.3343E+14  0.3988E+09  0.2679E+11  0.1633E+11  0.2306E+09  0.3224E+09  0.0000E+00  0.0000E+00
       2       82        6       81        6        0                         0.3292E+14  0.3592E+09  0.2369E+11  0.1362E+11  0.2266E+09  0.1144E+10  0.0000E+00  0.0000E+00
       3       83        4       82        0        0                         0.3326E+14  0.1406E+09  0.3640E+09  0.8105E+06  0.5418E+07  0.5381E+06  0.0000E+00  0.0000E+00
       5       84        7       83        0        0                         0.6703E+16  0.5514E+09  0.5257E+11  0.3289E+11  0.6880E+09  0.1533E+10  0.0000E+00  0.0000E+00
       2       85        7       84        7        0                         0.6679E+16  0.5149E+09  0.4961E+11  0.3010E+11  0.6841E+09  0.3468E+10  0.0000E+00  0.0000E+00
       5       86        8       85        0        0                         0.7229E+16  0.5967E+09  0.6169E+11  0.3573E+11  0.9401E+09  0.3895E+10  0.0000E+00  0.0000E+00
       2       87        8       86        8        0                         0.7227E+16  0.5942E+09  0.6078E+11  0.3494E+11  0.9395E+09  0.4522E+10  0.0000E+00  0.0000E+00
       3       88        5       87        0        0                         0.7231E+16  0.1311E+11  0.1002E+11  0.1233E+08  0.1080E+09  0.1922E+07  0.0000E+00  0.0000E+00
       5       89        9       88        0        0                         0.1255E+17  0.1336E+11  0.7107E+11  0.2831E+11  0.1425E+10  0.1617E+10  0.0000E+00  0.0000E+00
       2       90        9       89        9        0                         0.1253E+17  0.1334E+11  0.6992E+11  0.2757E+11  0.1423E+10  0.2209E+10  0.0000E+00  0.0000E+00
       5       91       39       55        0        0                         0.7105E+17  0.1574E+09  0.3592E+12  0.1535E+12  0.1258E+11  0.6889E+10  0.0000E+00  0.0000E+00
       5       92       91       66        0        0                         0.1600E+18  0.1495E+12  0.3665E+12  0.1536E+12  0.1271E+11  0.6892E+10  0.0000E+00  0.0000E+00
       2       93       39       92       39        0                         0.1600E+18  0.1495E+12  0.3664E+12  0.1535E+12  0.1270E+11  0.6923E+10  0.0000E+00  0.0000E+00
       5       94       11       90        0        0                         0.1992E+17  0.1356E+11  0.1196E+12  0.5080E+11  0.2876E+10  0.2755E+10  0.0000E+00  0.0000E+00
       5       95       94       50        0        0                         0.2019E+17  0.1401E+11  0.1724E+12  0.7646E+11  0.3606E+10  0.5107E+10  0.0000E+00  0.0000E+00
       2       96       11       95       11        0                         0.2017E+17  0.1399E+11  0.1698E+12  0.7456E+11  0.3603E+10  0.6667E+10  0.0000E+00  0.0000E+00
       5       97       12       96        0        0                         0.3085E+17  0.1461E+11  0.2716E+12  0.1159E+12  0.6817E+10  0.7495E+10  0.0000E+00  0.0000E+00
       2       98       12       97       12        0                         0.3078E+17  0.1459E+11  0.2689E+12  0.1141E+12  0.6813E+10  0.9003E+10  0.0000E+00  0.0000E+00
       5       99       13       98        0        0                         0.3608E+17  0.1476E+11  0.3173E+12  0.1377E+12  0.8121E+10  0.1021E+11  0.0000E+00  0.0000E+00
       2      100       13       99       13        0                         0.3608E+17  0.1475E+11  0.3147E+12  0.1358E+12  0.8124E+10  0.1174E+11  0.0000E+00  0.0000E+00
       5      101       14      100        0        0                         0.3993E+17  0.1484E+11  0.3465E+12  0.1504E+12  0.8993E+10  0.1208E+11  0.0000E+00  0.0000E+00
       2      102       14      101       14        0                         0.3992E+17  0.1482E+11  0.3419E+12  0.1472E+12  0.9000E+10  0.1473E+11  0.0000E+00  0.0000E+00
       3      103        6      102        0        0                         0.3993E+17  0.9082E+11  0.1799E+11  0.3458E+08  0.2135E+09  0.4561E+07  0.0000E+00  0.0000E+00
       5      104       15      103        0        0                         0.3997E+17  0.9082E+11  0.1807E+11  0.5448E+08  0.2232E+09  0.9948E+07  0.0000E+00  0.0000E+00
       2      105       15      104       15        0                         0.3997E+17  0.9082E+11  0.1806E+11  0.5290E+08  0.2195E+09  0.7102E+07  0.0000E+00  0.0000E+00
       5      106       16      105        0        0                         0.6872E+17  0.9146E+11  0.2506E+12  0.1098E+12  0.5679E+10  0.2534E+10  0.0000E+00  0.0000E+00
       2      107       16      106       16        0                         0.6868E+17  0.9143E+11  0.2492E+12  0.1087E+12  0.5675E+10  0.3357E+10  0.0000E+00  0.0000E+00
       5      108       17      107        0        0                         0.7299E+17  0.9160E+11  0.3067E+12  0.1362E+12  0.7197E+10  0.4208E+10  0.0000E+00  0.0000E+00
       2      109       17      108       17        0                         0.7298E+17  0.9158E+11  0.3041E+12  0.1343E+12  0.7193E+10  0.5759E+10  0.0000E+00  0.0000E+00
       3      110        7      109        0        0                         0.7301E+17  0.2417E+12  0.3287E+11  0.6009E+08  0.3643E+09  0.7004E+07  0.0000E+00  0.0000E+00
       5      111       18      110        0        0                         0.7398E+17  0.2417E+12  0.4167E+11  0.4612E+10  0.5758E+09  0.1124E+09  0.0000E+00  0.0000E+00
       2      112       18      111       18        0                         0.7397E+17  0.2417E+12  0.4146E+11  0.4562E+10  0.5752E+09  0.1299E+09  0.0000E+00  0.0000E+00
       5      113       19      112        0        0                         0.8543E+17  0.2427E+12  0.2262E+12  0.7546E+11  0.6622E+10  0.2645E+10  0.0000E+00  0.0000E+00
       2      114       19      113       19        0                         0.8538E+17  0.2426E+12  0.2219E+12  0.7318E+11  0.6620E+10  0.4424E+10  0.0000E+00  0.0000E+00
       3      115        8      114        0        0                         0.8544E+17  0.3315E+12  0.2482E+11  0.5090E+08  0.4803E+09  0.8690E+07  0.0000E+00  0.0000E+00
       5      116       21      115        0        0                         0.9577E+17  0.3318E+12  0.1152E+12  0.4234E+11  0.3266E+10  0.1253E+10  0.0000E+00  0.0000E+00
       5      117      116       51        0        0                         0.9604E+17  0.3322E+12  0.2324E+12  0.9807E+11  0.5142E+10  0.5953E+10  0.0000E+00  0.0000E+00
       2      118       21      117       21        0                         0.9601E+17  0.3321E+12  0.2295E+12  0.9610E+11  0.5141E+10  0.7535E+10  0.0000E+00  0.0000E+00
       5      119       22      118        0        0                         0.1678E+18  0.3368E+12  0.7066E+12  0.3044E+12  0.2073E+11  0.1206E+11  0.0000E+00  0.0000E+00
       2      120       22      119       22        0                         0.1677E+18  0.3367E+12  0.7057E+12  0.3038E+12  0.2072E+11  0.1257E+11  0.0000E+00  0.0000E+00
       5      121       24      120        0        0                         0.1720E+18  0.3368E+12  0.7385E+12  0.3178E+12  0.2207E+11  0.1316E+11  0.0000E+00  0.0000E+00
       5      122      121       52        0        0                         0.1722E+18  0.3369E+12  0.8490E+12  0.3705E+12  0.2343E+11  0.1801E+11  0.0000E+00  0.0000E+00
       2      123       24      122       24        0                         0.1722E+18  0.3368E+12  0.8430E+12  0.3662E+12  0.2343E+11  0.2165E+11  0.0000E+00  0.0000E+00
       5      124       25      123        0        0                         0.1727E+18  0.3368E+12  0.8453E+12  0.3671E+12  0.2362E+11  0.2175E+11  0.0000E+00  0.0000E+00
       2      125       25      124       25        0                         0.1727E+18  0.3368E+12  0.8439E+12  0.3661E+12  0.2362E+11  0.2257E+11  0.0000E+00  0.0000E+00
       3      126        9      125        0        0                         0.1728E+18  0.5969E+12  0.2273E+11  0.5788E+08  0.2909E+09  0.1065E+08  0.0000E+00  0.0000E+00
       5      127       30      126        0        0                         0.1729E+18  0.5969E+12  0.2279E+11  0.7376E+08  0.3259E+09  0.3326E+08  0.0000E+00  0.0000E+00
       5      128      127       71        0        0                         0.1819E+18  0.5973E+12  0.5328E+12  0.1680E+12  0.1138E+11  0.4073E+11  0.0000E+00  0.0000E+00
       2      129       30      128       30        0                         0.1819E+18  0.5973E+12  0.5326E+12  0.1679E+12  0.1138E+11  0.4081E+11  0.0000E+00  0.0000E+00
       5      130       31      129        0        0                         0.1938E+18  0.5977E+12  0.6767E+12  0.2280E+12  0.1657E+11  0.4450E+11  0.0000E+00  0.0000E+00
       2      131       31      130       31        0                         0.1937E+18  0.5976E+12  0.6662E+12  0.2226E+12  0.1657E+11  0.4907E+11  0.0000E+00  0.0000E+00
       5      132       32      131        0        0                         0.1978E+18  0.5976E+12  0.6888E+12  0.2329E+12  0.1741E+11  0.4969E+11  0.0000E+00  0.0000E+00
       2      133       32      132       32        0                         0.1978E+18  0.5976E+12  0.6868E+12  0.2318E+12  0.1741E+11  0.5055E+11  0.0000E+00  0.0000E+00
       5      134       33      133        0        0                         0.2007E+18  0.5976E+12  0.7041E+12  0.2388E+12  0.1807E+11  0.5086E+11  0.0000E+00  0.0000E+00
       2      135       33      134       33        0                         0.2007E+18  0.5976E+12  0.7010E+12  0.2372E+12  0.1807E+11  0.5221E+11  0.0000E+00  0.0000E+00
       3      136       10      135        0        0                         0.2008E+18  0.7927E+12  0.2099E+11  0.2739E+08  0.3384E+09  0.1049E+08  0.0000E+00  0.0000E+00
       5      137       34      136        0        0                         0.2009E+18  0.7927E+12  0.2099E+11  0.2766E+08  0.3607E+09  0.2066E+08  0.0000E+00  0.0000E+00
       2      138       34      137       34        0                         0.2009E+18  0.7927E+12  0.2099E+11  0.2585E+08  0.3371E+09  0.9444E+07  0.0000E+00  0.0000E+00
       5      139       40      138        0        0                         0.2391E+18  0.7927E+12  0.2428E+12  0.7783E+11  0.1021E+11  0.2897E+10  0.0000E+00  0.0000E+00
       5      140      139       93        0        0                         0.3991E+18  0.9422E+12  0.6092E+12  0.2313E+12  0.2291E+11  0.9820E+10  0.0000E+00  0.0000E+00
       2      141       40      140       40        0                         0.3990E+18  0.9422E+12  0.6027E+12  0.2274E+12  0.2288E+11  0.1312E+11  0.0000E+00  0.0000E+00
       5      142       41      141        0        0                         0.4065E+18  0.9422E+12  0.6782E+12  0.2564E+12  0.2494E+11  0.1404E+11  0.0000E+00  0.0000E+00
       2      143       41      142       41        0                         0.4065E+18  0.9422E+12  0.6778E+12  0.2561E+12  0.2494E+11  0.1426E+11  0.0000E+00  0.0000E+00
       5      144       42      143        0        0                         0.4123E+18  0.9422E+12  0.6936E+12  0.2647E+12  0.2593E+11  0.1482E+11  0.0000E+00  0.0000E+00
       2      145       42      144       42        0                         0.4123E+18  0.9422E+12  0.6902E+12  0.2627E+12  0.2592E+11  0.1648E+11  0.0000E+00  0.0000E+00
       5      146       46      145        0        0                         0.4252E+18  0.9422E+12  0.7240E+12  0.2735E+12  0.3010E+11  0.1728E+11  0.0000E+00  0.0000E+00
       5      147      146       62        0        0                         0.4456E+18  0.9425E+12  0.1535E+13  0.5704E+12  0.4695E+11  0.6975E+11  0.0000E+00  0.0000E+00
       2      148       46      147       46        0                         0.4455E+18  0.9424E+12  0.1520E+13  0.5612E+12  0.4693E+11  0.7757E+11  0.0000E+00  0.0000E+00
       5      149       47      148        0        0                         0.5088E+18  0.9425E+12  0.1670E+13  0.6097E+12  0.6136E+11  0.8124E+11  0.0000E+00  0.0000E+00
       2      150       47      149       47        0                         0.5068E+18  0.9411E+12  0.1639E+13  0.5917E+12  0.6118E+11  0.9642E+11  0.0000E+00  0.0000E+00
      14      150        1        0        0        0                         0.5068E+18  0.9411E+12  0.1639E+13  0.5917E+12  0.6118E+11  0.9642E+11  0.0000E+00  0.0000E+00
